[0.838s] DEBUG:colcon:Command line arguments: ['/usr/bin/colcon', 'build']
[0.838s] DEBUG:colcon:Parsed command line arguments: Namespace(log_base=None, log_level=None, verb_name='build', build_base='build', install_base='install', merge_install=False, symlink_install=False, test_result_base=None, continue_on_error=False, executor='parallel', parallel_workers=16, event_handlers=None, ignore_user_meta=False, metas=['./colcon.meta'], base_paths=['.'], packages_ignore=None, packages_ignore_regex=None, paths=None, packages_up_to=None, packages_up_to_regex=None, packages_above=None, packages_above_and_dependencies=None, packages_above_depth=None, packages_select_by_dep=None, packages_skip_by_dep=None, packages_skip_up_to=None, packages_select_build_failed=False, packages_skip_build_finished=False, packages_select_test_failures=False, packages_skip_test_passed=False, packages_select=None, packages_skip=None, packages_select_regex=None, packages_skip_regex=None, packages_start=None, packages_end=None, allow_overriding=[], cmake_args=None, cmake_target=None, cmake_target_skip_unavailable=False, cmake_clean_cache=False, cmake_clean_first=False, cmake_force_configure=False, ament_cmake_args=None, catkin_cmake_args=None, catkin_skip_building_tests=False, verb_parser=<colcon_defaults.argument_parser.defaults.DefaultArgumentsDecorator object at 0x7fbcb66069b0>, verb_extension=<colcon_core.verb.build.BuildVerb object at 0x7fbcb67af5e0>, main=<bound method BuildVerb.main of <colcon_core.verb.build.BuildVerb object at 0x7fbcb67af5e0>>)
[0.877s] Level 1:colcon.colcon_core.package_discovery:discover_packages(colcon_meta) check parameters
[0.877s] Level 1:colcon.colcon_core.package_discovery:discover_packages(recursive) check parameters
[0.877s] Level 1:colcon.colcon_core.package_discovery:discover_packages(ignore) check parameters
[0.877s] Level 1:colcon.colcon_core.package_discovery:discover_packages(path) check parameters
[0.877s] Level 1:colcon.colcon_core.package_discovery:discover_packages(colcon_meta) discover
[0.877s] Level 1:colcon.colcon_core.package_discovery:discover_packages(recursive) discover
[0.877s] INFO:colcon.colcon_core.package_discovery:Crawling recursively for packages in '/home/nekr/ros2_ws/src/experimental_robot_pack'
[0.877s] Level 1:colcon.colcon_core.package_identification:_identify(.) by extensions ['ignore', 'ignore_ament_install']
[0.878s] Level 1:colcon.colcon_core.package_identification:_identify(.) by extension 'ignore'
[0.878s] Level 1:colcon.colcon_core.package_identification:_identify(.) by extension 'ignore_ament_install'
[0.878s] Level 1:colcon.colcon_core.package_identification:_identify(.) by extensions ['colcon_pkg']
[0.878s] Level 1:colcon.colcon_core.package_identification:_identify(.) by extension 'colcon_pkg'
[0.878s] Level 1:colcon.colcon_core.package_identification:_identify(.) by extensions ['colcon_meta']
[0.878s] Level 1:colcon.colcon_core.package_identification:_identify(.) by extension 'colcon_meta'
[0.878s] Level 1:colcon.colcon_core.package_identification:_identify(.) by extensions ['ros']
[0.878s] Level 1:colcon.colcon_core.package_identification:_identify(.) by extension 'ros'
[0.889s] DEBUG:colcon.colcon_core.package_identification:Package '.' with type 'ros.ament_python' and name 'experimental_robot_pack'
[0.889s] Level 1:colcon.colcon_core.package_discovery:discover_packages(recursive) using defaults
[0.889s] Level 1:colcon.colcon_core.package_discovery:discover_packages(ignore) discover
[0.890s] Level 1:colcon.colcon_core.package_discovery:discover_packages(ignore) using defaults
[0.890s] Level 1:colcon.colcon_core.package_discovery:discover_packages(path) discover
[0.890s] Level 1:colcon.colcon_core.package_discovery:discover_packages(path) using defaults
[0.961s] Level 1:colcon.colcon_core.package_discovery:discover_packages(prefix_path) check parameters
[0.961s] Level 1:colcon.colcon_core.package_discovery:discover_packages(prefix_path) discover
[0.984s] DEBUG:colcon.colcon_installed_package_information.package_discovery:Found 1 installed packages in /home/nekr/ros2_ws/src/experimental_robot_pack/install
[0.995s] DEBUG:colcon.colcon_installed_package_information.package_discovery:Found 12 installed packages in /home/nekr/ws/install
[1.007s] DEBUG:colcon.colcon_installed_package_information.package_discovery:Found 292 installed packages in /opt/ros/humble
[1.008s] Level 1:colcon.colcon_core.package_discovery:discover_packages(prefix_path) using defaults
[1.087s] Level 5:colcon.colcon_core.verb:set package 'experimental_robot_pack' build argument 'cmake_args' from command line to 'None'
[1.087s] Level 5:colcon.colcon_core.verb:set package 'experimental_robot_pack' build argument 'cmake_target' from command line to 'None'
[1.087s] Level 5:colcon.colcon_core.verb:set package 'experimental_robot_pack' build argument 'cmake_target_skip_unavailable' from command line to 'False'
[1.087s] Level 5:colcon.colcon_core.verb:set package 'experimental_robot_pack' build argument 'cmake_clean_cache' from command line to 'False'
[1.087s] Level 5:colcon.colcon_core.verb:set package 'experimental_robot_pack' build argument 'cmake_clean_first' from command line to 'False'
[1.087s] Level 5:colcon.colcon_core.verb:set package 'experimental_robot_pack' build argument 'cmake_force_configure' from command line to 'False'
[1.087s] Level 5:colcon.colcon_core.verb:set package 'experimental_robot_pack' build argument 'ament_cmake_args' from command line to 'None'
[1.087s] Level 5:colcon.colcon_core.verb:set package 'experimental_robot_pack' build argument 'catkin_cmake_args' from command line to 'None'
[1.087s] Level 5:colcon.colcon_core.verb:set package 'experimental_robot_pack' build argument 'catkin_skip_building_tests' from command line to 'False'
[1.087s] DEBUG:colcon.colcon_core.verb:Building package 'experimental_robot_pack' with the following arguments: {'ament_cmake_args': None, 'build_base': '/home/nekr/ros2_ws/src/experimental_robot_pack/build/experimental_robot_pack', 'catkin_cmake_args': None, 'catkin_skip_building_tests': False, 'cmake_args': None, 'cmake_clean_cache': False, 'cmake_clean_first': False, 'cmake_force_configure': False, 'cmake_target': None, 'cmake_target_skip_unavailable': False, 'install_base': '/home/nekr/ros2_ws/src/experimental_robot_pack/install/experimental_robot_pack', 'merge_install': False, 'path': '/home/nekr/ros2_ws/src/experimental_robot_pack', 'symlink_install': False, 'test_result_base': None}
[1.097s] INFO:colcon.colcon_core.executor:Executing jobs using 'parallel' executor
[1.109s] DEBUG:colcon.colcon_parallel_executor.executor.parallel:run_until_complete
[1.109s] INFO:colcon.colcon_ros.task.ament_python.build:Building ROS package in '/home/nekr/ros2_ws/src/experimental_robot_pack' with build type 'ament_python'
[1.110s] Level 1:colcon.colcon_core.shell:create_environment_hook('experimental_robot_pack', 'ament_prefix_path')
[1.122s] INFO:colcon.colcon_core.plugin_system:Skipping extension 'colcon_core.shell.bat': Not used on non-Windows systems
[1.123s] INFO:colcon.colcon_core.shell:Creating environment hook '/home/nekr/ros2_ws/src/experimental_robot_pack/install/experimental_robot_pack/share/experimental_robot_pack/hook/ament_prefix_path.ps1'
[1.123s] INFO:colcon.colcon_core.shell:Creating environment descriptor '/home/nekr/ros2_ws/src/experimental_robot_pack/install/experimental_robot_pack/share/experimental_robot_pack/hook/ament_prefix_path.dsv'
[1.124s] INFO:colcon.colcon_core.shell:Creating environment hook '/home/nekr/ros2_ws/src/experimental_robot_pack/install/experimental_robot_pack/share/experimental_robot_pack/hook/ament_prefix_path.sh'
[1.135s] INFO:colcon.colcon_core.shell:Skip shell extension 'powershell' for command environment: Not usable outside of PowerShell
[1.136s] DEBUG:colcon.colcon_core.shell:Skip shell extension 'dsv' for command environment
[1.387s] INFO:colcon.colcon_core.task.python.build:Building Python package in '/home/nekr/ros2_ws/src/experimental_robot_pack'
[1.399s] INFO:colcon.colcon_core.shell:Skip shell extension 'powershell' for command environment: Not usable outside of PowerShell
[1.399s] DEBUG:colcon.colcon_core.shell:Skip shell extension 'dsv' for command environment
[1.713s] DEBUG:colcon.colcon_core.event_handler.log_command:Invoking command in '/home/nekr/ros2_ws/src/experimental_robot_pack': PYTHONPATH=/home/nekr/ros2_ws/src/experimental_robot_pack/build/experimental_robot_pack/prefix_override:/home/nekr/ros2_ws/src/experimental_robot_pack/install/experimental_robot_pack/lib/python3.10/site-packages:${PYTHONPATH} /usr/bin/python3 setup.py egg_info --egg-base build/experimental_robot_pack build --build-base /home/nekr/ros2_ws/src/experimental_robot_pack/build/experimental_robot_pack/build install --record /home/nekr/ros2_ws/src/experimental_robot_pack/build/experimental_robot_pack/install.log --single-version-externally-managed
[1.947s] DEBUG:colcon.colcon_core.event_handler.log_command:Invoked command in '/home/nekr/ros2_ws/src/experimental_robot_pack' returned '0': PYTHONPATH=/home/nekr/ros2_ws/src/experimental_robot_pack/build/experimental_robot_pack/prefix_override:/home/nekr/ros2_ws/src/experimental_robot_pack/install/experimental_robot_pack/lib/python3.10/site-packages:${PYTHONPATH} /usr/bin/python3 setup.py egg_info --egg-base build/experimental_robot_pack build --build-base /home/nekr/ros2_ws/src/experimental_robot_pack/build/experimental_robot_pack/build install --record /home/nekr/ros2_ws/src/experimental_robot_pack/build/experimental_robot_pack/install.log --single-version-externally-managed
[1.961s] Level 1:colcon.colcon_core.environment:checking '/home/nekr/ros2_ws/src/experimental_robot_pack/install/experimental_robot_pack' for CMake module files
[1.962s] Level 1:colcon.colcon_core.environment:checking '/home/nekr/ros2_ws/src/experimental_robot_pack/install/experimental_robot_pack' for CMake config files
[1.962s] Level 1:colcon.colcon_core.environment:checking '/home/nekr/ros2_ws/src/experimental_robot_pack/install/experimental_robot_pack/lib'
[1.962s] Level 1:colcon.colcon_core.environment:checking '/home/nekr/ros2_ws/src/experimental_robot_pack/install/experimental_robot_pack/bin'
[1.962s] Level 1:colcon.colcon_core.environment:checking '/home/nekr/ros2_ws/src/experimental_robot_pack/install/experimental_robot_pack/lib/pkgconfig/experimental_robot_pack.pc'
[1.963s] Level 1:colcon.colcon_core.environment:checking '/home/nekr/ros2_ws/src/experimental_robot_pack/install/experimental_robot_pack/lib/python3.10/site-packages'
[1.963s] Level 1:colcon.colcon_core.shell:create_environment_hook('experimental_robot_pack', 'pythonpath')
[1.975s] INFO:colcon.colcon_core.shell:Creating environment hook '/home/nekr/ros2_ws/src/experimental_robot_pack/install/experimental_robot_pack/share/experimental_robot_pack/hook/pythonpath.ps1'
[1.975s] INFO:colcon.colcon_core.shell:Creating environment descriptor '/home/nekr/ros2_ws/src/experimental_robot_pack/install/experimental_robot_pack/share/experimental_robot_pack/hook/pythonpath.dsv'
[1.975s] INFO:colcon.colcon_core.shell:Creating environment hook '/home/nekr/ros2_ws/src/experimental_robot_pack/install/experimental_robot_pack/share/experimental_robot_pack/hook/pythonpath.sh'
[1.976s] Level 1:colcon.colcon_core.environment:checking '/home/nekr/ros2_ws/src/experimental_robot_pack/install/experimental_robot_pack/bin'
[1.976s] Level 1:colcon.colcon_core.environment:create_environment_scripts_only(experimental_robot_pack)
[1.988s] INFO:colcon.colcon_core.shell:Creating package script '/home/nekr/ros2_ws/src/experimental_robot_pack/install/experimental_robot_pack/share/experimental_robot_pack/package.ps1'
[1.988s] INFO:colcon.colcon_core.shell:Creating package descriptor '/home/nekr/ros2_ws/src/experimental_robot_pack/install/experimental_robot_pack/share/experimental_robot_pack/package.dsv'
[1.989s] INFO:colcon.colcon_core.shell:Creating package script '/home/nekr/ros2_ws/src/experimental_robot_pack/install/experimental_robot_pack/share/experimental_robot_pack/package.sh'
[1.989s] INFO:colcon.colcon_core.shell:Creating package script '/home/nekr/ros2_ws/src/experimental_robot_pack/install/experimental_robot_pack/share/experimental_robot_pack/package.bash'
[1.990s] INFO:colcon.colcon_core.shell:Creating package script '/home/nekr/ros2_ws/src/experimental_robot_pack/install/experimental_robot_pack/share/experimental_robot_pack/package.zsh'
[1.990s] Level 1:colcon.colcon_core.environment:create_file_with_runtime_dependencies(/home/nekr/ros2_ws/src/experimental_robot_pack/install/experimental_robot_pack/share/colcon-core/packages/experimental_robot_pack)
[1.991s] DEBUG:colcon.colcon_parallel_executor.executor.parallel:closing loop
[1.991s] DEBUG:colcon.colcon_parallel_executor.executor.parallel:loop closed
[1.992s] DEBUG:colcon.colcon_parallel_executor.executor.parallel:run_until_complete finished with '0'
[1.992s] DEBUG:colcon.colcon_core.event_reactor:joining thread
[2.042s] INFO:colcon.colcon_core.plugin_system:Skipping extension 'colcon_notification.desktop_notification.notify_send': Could not find 'notify-send'
[2.042s] INFO:colcon.colcon_core.plugin_system:Skipping extension 'colcon_notification.desktop_notification.terminal_notifier': Not used on non-Darwin systems
[2.042s] INFO:colcon.colcon_core.plugin_system:Skipping extension 'colcon_notification.desktop_notification.win32': Not used on non-Windows systems
[2.042s] INFO:colcon.colcon_notification.desktop_notification:Sending desktop notification using 'notify2'
[2.042s] DEBUG:colcon.colcon_notification.desktop_notification.notify2:Failed to initialize notify2: org.freedesktop.DBus.Error.FileNotFound: Failed to connect to socket /run/user/1000/bus: No such file or directory
[2.042s] DEBUG:colcon.colcon_core.event_reactor:joined thread
[2.054s] INFO:colcon.colcon_core.shell:Creating prefix script '/home/nekr/ros2_ws/src/experimental_robot_pack/install/local_setup.ps1'
[2.055s] INFO:colcon.colcon_core.shell:Creating prefix util module '/home/nekr/ros2_ws/src/experimental_robot_pack/install/_local_setup_util_ps1.py'
[2.056s] INFO:colcon.colcon_core.shell:Creating prefix chain script '/home/nekr/ros2_ws/src/experimental_robot_pack/install/setup.ps1'
[2.079s] INFO:colcon.colcon_core.shell:Creating prefix script '/home/nekr/ros2_ws/src/experimental_robot_pack/install/local_setup.sh'
[2.079s] INFO:colcon.colcon_core.shell:Creating prefix util module '/home/nekr/ros2_ws/src/experimental_robot_pack/install/_local_setup_util_sh.py'
[2.079s] INFO:colcon.colcon_core.shell:Creating prefix chain script '/home/nekr/ros2_ws/src/experimental_robot_pack/install/setup.sh'
[2.092s] INFO:colcon.colcon_core.shell:Creating prefix script '/home/nekr/ros2_ws/src/experimental_robot_pack/install/local_setup.bash'
[2.092s] INFO:colcon.colcon_core.shell:Creating prefix chain script '/home/nekr/ros2_ws/src/experimental_robot_pack/install/setup.bash'
[2.104s] INFO:colcon.colcon_core.shell:Creating prefix script '/home/nekr/ros2_ws/src/experimental_robot_pack/install/local_setup.zsh'
[2.105s] INFO:colcon.colcon_core.shell:Creating prefix chain script '/home/nekr/ros2_ws/src/experimental_robot_pack/install/setup.zsh'
