[1.053s] Invoking command in '/home/nekr/ros2_ws/src/experimental_robot_pack': PYTHONPATH=/home/nekr/ros2_ws/src/experimental_robot_pack/build/experimental_robot_pack/prefix_override:/home/nekr/ros2_ws/src/experimental_robot_pack/install/experimental_robot_pack/lib/python3.10/site-packages:${PYTHONPATH} /usr/bin/python3 setup.py egg_info --egg-base build/experimental_robot_pack build --build-base /home/nekr/ros2_ws/src/experimental_robot_pack/build/experimental_robot_pack/build install --record /home/nekr/ros2_ws/src/experimental_robot_pack/build/experimental_robot_pack/install.log --single-version-externally-managed
[1.341s] running egg_info
[1.343s] writing build/experimental_robot_pack/experimental_robot_pack.egg-info/PKG-INFO
[1.343s] writing dependency_links to build/experimental_robot_pack/experimental_robot_pack.egg-info/dependency_links.txt
[1.343s] writing entry points to build/experimental_robot_pack/experimental_robot_pack.egg-info/entry_points.txt
[1.344s] writing requirements to build/experimental_robot_pack/experimental_robot_pack.egg-info/requires.txt
[1.344s] writing top-level names to build/experimental_robot_pack/experimental_robot_pack.egg-info/top_level.txt
[1.348s] reading manifest file 'build/experimental_robot_pack/experimental_robot_pack.egg-info/SOURCES.txt'
[1.349s] writing manifest file 'build/experimental_robot_pack/experimental_robot_pack.egg-info/SOURCES.txt'
[1.350s] running build
[1.350s] running build_py
[1.350s] copying experimental_robot_pack/my_robot_move.py -> /home/nekr/ros2_ws/src/experimental_robot_pack/build/experimental_robot_pack/build/lib/experimental_robot_pack
[1.350s] running install
[1.351s] /usr/lib/python3/dist-packages/setuptools/command/install.py:34: SetuptoolsDeprecationWarning: setup.py install is deprecated. Use build and pip and other standards-based tools.
[1.351s]   warnings.warn(
[1.351s] running install_lib
[1.352s] copying /home/nekr/ros2_ws/src/experimental_robot_pack/build/experimental_robot_pack/build/lib/experimental_robot_pack/my_robot_move.py -> /home/nekr/ros2_ws/src/experimental_robot_pack/install/experimental_robot_pack/lib/python3.10/site-packages/experimental_robot_pack
[1.354s] byte-compiling /home/nekr/ros2_ws/src/experimental_robot_pack/install/experimental_robot_pack/lib/python3.10/site-packages/experimental_robot_pack/my_robot_move.py to my_robot_move.cpython-310.pyc
[1.357s] running install_data
[1.358s] running install_egg_info
[1.360s] removing '/home/nekr/ros2_ws/src/experimental_robot_pack/install/experimental_robot_pack/lib/python3.10/site-packages/experimental_robot_pack-0.0.0-py3.10.egg-info' (and everything under it)
[1.361s] Copying build/experimental_robot_pack/experimental_robot_pack.egg-info to /home/nekr/ros2_ws/src/experimental_robot_pack/install/experimental_robot_pack/lib/python3.10/site-packages/experimental_robot_pack-0.0.0-py3.10.egg-info
[1.363s] running install_scripts
[1.390s] Installing move script to /home/nekr/ros2_ws/src/experimental_robot_pack/install/experimental_robot_pack/lib/experimental_robot_pack
[1.391s] writing list of installed files to '/home/nekr/ros2_ws/src/experimental_robot_pack/build/experimental_robot_pack/install.log'
[1.456s] Invoked command in '/home/nekr/ros2_ws/src/experimental_robot_pack' returned '0': PYTHONPATH=/home/nekr/ros2_ws/src/experimental_robot_pack/build/experimental_robot_pack/prefix_override:/home/nekr/ros2_ws/src/experimental_robot_pack/install/experimental_robot_pack/lib/python3.10/site-packages:${PYTHONPATH} /usr/bin/python3 setup.py egg_info --egg-base build/experimental_robot_pack build --build-base /home/nekr/ros2_ws/src/experimental_robot_pack/build/experimental_robot_pack/build install --record /home/nekr/ros2_ws/src/experimental_robot_pack/build/experimental_robot_pack/install.log --single-version-externally-managed
