[0.634s] DEBUG:colcon:Command line arguments: ['/usr/bin/colcon', 'build']
[0.634s] DEBUG:colcon:Parsed command line arguments: Namespace(log_base=None, log_level=None, verb_name='build', build_base='build', install_base='install', merge_install=False, symlink_install=False, test_result_base=None, continue_on_error=False, executor='parallel', parallel_workers=16, event_handlers=None, ignore_user_meta=False, metas=['./colcon.meta'], base_paths=['.'], packages_ignore=None, packages_ignore_regex=None, paths=None, packages_up_to=None, packages_up_to_regex=None, packages_above=None, packages_above_and_dependencies=None, packages_above_depth=None, packages_select_by_dep=None, packages_skip_by_dep=None, packages_skip_up_to=None, packages_select_build_failed=False, packages_skip_build_finished=False, packages_select_test_failures=False, packages_skip_test_passed=False, packages_select=None, packages_skip=None, packages_select_regex=None, packages_skip_regex=None, packages_start=None, packages_end=None, allow_overriding=[], cmake_args=None, cmake_target=None, cmake_target_skip_unavailable=False, cmake_clean_cache=False, cmake_clean_first=False, cmake_force_configure=False, ament_cmake_args=None, catkin_cmake_args=None, catkin_skip_building_tests=False, verb_parser=<colcon_defaults.argument_parser.defaults.DefaultArgumentsDecorator object at 0x7ff4c550bdc0>, verb_extension=<colcon_core.verb.build.BuildVerb object at 0x7ff4c5d178e0>, main=<bound method BuildVerb.main of <colcon_core.verb.build.BuildVerb object at 0x7ff4c5d178e0>>)
[0.667s] Level 1:colcon.colcon_core.package_discovery:discover_packages(colcon_meta) check parameters
[0.667s] Level 1:colcon.colcon_core.package_discovery:discover_packages(recursive) check parameters
[0.667s] Level 1:colcon.colcon_core.package_discovery:discover_packages(ignore) check parameters
[0.667s] Level 1:colcon.colcon_core.package_discovery:discover_packages(path) check parameters
[0.667s] Level 1:colcon.colcon_core.package_discovery:discover_packages(colcon_meta) discover
[0.667s] Level 1:colcon.colcon_core.package_discovery:discover_packages(recursive) discover
[0.667s] INFO:colcon.colcon_core.package_discovery:Crawling recursively for packages in '/home/nekr/ros2_ws/src/experimental_robot_pack'
[0.667s] Level 1:colcon.colcon_core.package_identification:_identify(.) by extensions ['ignore', 'ignore_ament_install']
[0.668s] Level 1:colcon.colcon_core.package_identification:_identify(.) by extension 'ignore'
[0.668s] Level 1:colcon.colcon_core.package_identification:_identify(.) by extension 'ignore_ament_install'
[0.668s] Level 1:colcon.colcon_core.package_identification:_identify(.) by extensions ['colcon_pkg']
[0.668s] Level 1:colcon.colcon_core.package_identification:_identify(.) by extension 'colcon_pkg'
[0.668s] Level 1:colcon.colcon_core.package_identification:_identify(.) by extensions ['colcon_meta']
[0.668s] Level 1:colcon.colcon_core.package_identification:_identify(.) by extension 'colcon_meta'
[0.668s] Level 1:colcon.colcon_core.package_identification:_identify(.) by extensions ['ros']
[0.668s] Level 1:colcon.colcon_core.package_identification:_identify(.) by extension 'ros'
[0.684s] DEBUG:colcon.colcon_core.package_identification:Package '.' with type 'ros.ament_python' and name 'experimental_robot_pack'
[0.684s] Level 1:colcon.colcon_core.package_discovery:discover_packages(recursive) using defaults
[0.684s] Level 1:colcon.colcon_core.package_discovery:discover_packages(ignore) discover
[0.684s] Level 1:colcon.colcon_core.package_discovery:discover_packages(ignore) using defaults
[0.684s] Level 1:colcon.colcon_core.package_discovery:discover_packages(path) discover
[0.684s] Level 1:colcon.colcon_core.package_discovery:discover_packages(path) using defaults
[0.716s] Level 1:colcon.colcon_core.package_discovery:discover_packages(prefix_path) check parameters
[0.716s] Level 1:colcon.colcon_core.package_discovery:discover_packages(prefix_path) discover
[0.719s] DEBUG:colcon.colcon_installed_package_information.package_discovery:Found 1 installed packages in /home/nekr/ros2_ws/src/experimental_robot_pack/install
[0.720s] DEBUG:colcon.colcon_installed_package_information.package_discovery:Found 12 installed packages in /home/nekr/ws/install
[0.722s] DEBUG:colcon.colcon_installed_package_information.package_discovery:Found 288 installed packages in /opt/ros/humble
[0.725s] Level 1:colcon.colcon_core.package_discovery:discover_packages(prefix_path) using defaults
[0.810s] Level 5:colcon.colcon_core.verb:set package 'experimental_robot_pack' build argument 'cmake_args' from command line to 'None'
[0.810s] Level 5:colcon.colcon_core.verb:set package 'experimental_robot_pack' build argument 'cmake_target' from command line to 'None'
[0.810s] Level 5:colcon.colcon_core.verb:set package 'experimental_robot_pack' build argument 'cmake_target_skip_unavailable' from command line to 'False'
[0.810s] Level 5:colcon.colcon_core.verb:set package 'experimental_robot_pack' build argument 'cmake_clean_cache' from command line to 'False'
[0.811s] Level 5:colcon.colcon_core.verb:set package 'experimental_robot_pack' build argument 'cmake_clean_first' from command line to 'False'
[0.811s] Level 5:colcon.colcon_core.verb:set package 'experimental_robot_pack' build argument 'cmake_force_configure' from command line to 'False'
[0.811s] Level 5:colcon.colcon_core.verb:set package 'experimental_robot_pack' build argument 'ament_cmake_args' from command line to 'None'
[0.811s] Level 5:colcon.colcon_core.verb:set package 'experimental_robot_pack' build argument 'catkin_cmake_args' from command line to 'None'
[0.811s] Level 5:colcon.colcon_core.verb:set package 'experimental_robot_pack' build argument 'catkin_skip_building_tests' from command line to 'False'
[0.811s] DEBUG:colcon.colcon_core.verb:Building package 'experimental_robot_pack' with the following arguments: {'ament_cmake_args': None, 'build_base': '/home/nekr/ros2_ws/src/experimental_robot_pack/build/experimental_robot_pack', 'catkin_cmake_args': None, 'catkin_skip_building_tests': False, 'cmake_args': None, 'cmake_clean_cache': False, 'cmake_clean_first': False, 'cmake_force_configure': False, 'cmake_target': None, 'cmake_target_skip_unavailable': False, 'install_base': '/home/nekr/ros2_ws/src/experimental_robot_pack/install/experimental_robot_pack', 'merge_install': False, 'path': '/home/nekr/ros2_ws/src/experimental_robot_pack', 'symlink_install': False, 'test_result_base': None}
[0.812s] INFO:colcon.colcon_core.executor:Executing jobs using 'parallel' executor
[0.817s] DEBUG:colcon.colcon_parallel_executor.executor.parallel:run_until_complete
[0.817s] INFO:colcon.colcon_ros.task.ament_python.build:Building ROS package in '/home/nekr/ros2_ws/src/experimental_robot_pack' with build type 'ament_python'
[0.818s] Level 1:colcon.colcon_core.shell:create_environment_hook('experimental_robot_pack', 'ament_prefix_path')
[0.823s] INFO:colcon.colcon_core.plugin_system:Skipping extension 'colcon_core.shell.bat': Not used on non-Windows systems
[0.824s] INFO:colcon.colcon_core.shell:Creating environment hook '/home/nekr/ros2_ws/src/experimental_robot_pack/install/experimental_robot_pack/share/experimental_robot_pack/hook/ament_prefix_path.ps1'
[0.825s] INFO:colcon.colcon_core.shell:Creating environment descriptor '/home/nekr/ros2_ws/src/experimental_robot_pack/install/experimental_robot_pack/share/experimental_robot_pack/hook/ament_prefix_path.dsv'
[0.826s] INFO:colcon.colcon_core.shell:Creating environment hook '/home/nekr/ros2_ws/src/experimental_robot_pack/install/experimental_robot_pack/share/experimental_robot_pack/hook/ament_prefix_path.sh'
[0.829s] INFO:colcon.colcon_core.shell:Skip shell extension 'powershell' for command environment: Not usable outside of PowerShell
[0.829s] DEBUG:colcon.colcon_core.shell:Skip shell extension 'dsv' for command environment
[1.157s] INFO:colcon.colcon_core.task.python.build:Building Python package in '/home/nekr/ros2_ws/src/experimental_robot_pack'
[1.160s] INFO:colcon.colcon_core.shell:Skip shell extension 'powershell' for command environment: Not usable outside of PowerShell
[1.160s] DEBUG:colcon.colcon_core.shell:Skip shell extension 'dsv' for command environment
[1.623s] DEBUG:colcon.colcon_core.event_handler.log_command:Invoking command in '/home/nekr/ros2_ws/src/experimental_robot_pack': PYTHONPATH=/home/nekr/ros2_ws/src/experimental_robot_pack/build/experimental_robot_pack/prefix_override:/home/nekr/ros2_ws/src/experimental_robot_pack/install/experimental_robot_pack/lib/python3.10/site-packages:${PYTHONPATH} /usr/bin/python3 setup.py egg_info --egg-base build/experimental_robot_pack build --build-base /home/nekr/ros2_ws/src/experimental_robot_pack/build/experimental_robot_pack/build install --record /home/nekr/ros2_ws/src/experimental_robot_pack/build/experimental_robot_pack/install.log --single-version-externally-managed
[1.997s] DEBUG:colcon.colcon_core.event_handler.log_command:Invoked command in '/home/nekr/ros2_ws/src/experimental_robot_pack' returned '0': PYTHONPATH=/home/nekr/ros2_ws/src/experimental_robot_pack/build/experimental_robot_pack/prefix_override:/home/nekr/ros2_ws/src/experimental_robot_pack/install/experimental_robot_pack/lib/python3.10/site-packages:${PYTHONPATH} /usr/bin/python3 setup.py egg_info --egg-base build/experimental_robot_pack build --build-base /home/nekr/ros2_ws/src/experimental_robot_pack/build/experimental_robot_pack/build install --record /home/nekr/ros2_ws/src/experimental_robot_pack/build/experimental_robot_pack/install.log --single-version-externally-managed
[2.001s] Level 1:colcon.colcon_core.environment:checking '/home/nekr/ros2_ws/src/experimental_robot_pack/install/experimental_robot_pack' for CMake module files
[2.002s] Level 1:colcon.colcon_core.environment:checking '/home/nekr/ros2_ws/src/experimental_robot_pack/install/experimental_robot_pack' for CMake config files
[2.002s] Level 1:colcon.colcon_core.environment:checking '/home/nekr/ros2_ws/src/experimental_robot_pack/install/experimental_robot_pack/lib'
[2.003s] Level 1:colcon.colcon_core.environment:checking '/home/nekr/ros2_ws/src/experimental_robot_pack/install/experimental_robot_pack/bin'
[2.003s] Level 1:colcon.colcon_core.environment:checking '/home/nekr/ros2_ws/src/experimental_robot_pack/install/experimental_robot_pack/lib/pkgconfig/experimental_robot_pack.pc'
[2.003s] Level 1:colcon.colcon_core.environment:checking '/home/nekr/ros2_ws/src/experimental_robot_pack/install/experimental_robot_pack/lib/python3.10/site-packages'
[2.003s] Level 1:colcon.colcon_core.shell:create_environment_hook('experimental_robot_pack', 'pythonpath')
[2.004s] INFO:colcon.colcon_core.shell:Creating environment hook '/home/nekr/ros2_ws/src/experimental_robot_pack/install/experimental_robot_pack/share/experimental_robot_pack/hook/pythonpath.ps1'
[2.005s] INFO:colcon.colcon_core.shell:Creating environment descriptor '/home/nekr/ros2_ws/src/experimental_robot_pack/install/experimental_robot_pack/share/experimental_robot_pack/hook/pythonpath.dsv'
[2.005s] INFO:colcon.colcon_core.shell:Creating environment hook '/home/nekr/ros2_ws/src/experimental_robot_pack/install/experimental_robot_pack/share/experimental_robot_pack/hook/pythonpath.sh'
[2.005s] Level 1:colcon.colcon_core.environment:checking '/home/nekr/ros2_ws/src/experimental_robot_pack/install/experimental_robot_pack/bin'
[2.006s] Level 1:colcon.colcon_core.environment:create_environment_scripts_only(experimental_robot_pack)
[2.007s] INFO:colcon.colcon_core.shell:Creating package script '/home/nekr/ros2_ws/src/experimental_robot_pack/install/experimental_robot_pack/share/experimental_robot_pack/package.ps1'
[2.008s] INFO:colcon.colcon_core.shell:Creating package descriptor '/home/nekr/ros2_ws/src/experimental_robot_pack/install/experimental_robot_pack/share/experimental_robot_pack/package.dsv'
[2.009s] INFO:colcon.colcon_core.shell:Creating package script '/home/nekr/ros2_ws/src/experimental_robot_pack/install/experimental_robot_pack/share/experimental_robot_pack/package.sh'
[2.010s] INFO:colcon.colcon_core.shell:Creating package script '/home/nekr/ros2_ws/src/experimental_robot_pack/install/experimental_robot_pack/share/experimental_robot_pack/package.bash'
[2.010s] INFO:colcon.colcon_core.shell:Creating package script '/home/nekr/ros2_ws/src/experimental_robot_pack/install/experimental_robot_pack/share/experimental_robot_pack/package.zsh'
[2.011s] Level 1:colcon.colcon_core.environment:create_file_with_runtime_dependencies(/home/nekr/ros2_ws/src/experimental_robot_pack/install/experimental_robot_pack/share/colcon-core/packages/experimental_robot_pack)
[2.012s] DEBUG:colcon.colcon_parallel_executor.executor.parallel:closing loop
[2.012s] DEBUG:colcon.colcon_parallel_executor.executor.parallel:loop closed
[2.012s] DEBUG:colcon.colcon_parallel_executor.executor.parallel:run_until_complete finished with '0'
[2.012s] DEBUG:colcon.colcon_core.event_reactor:joining thread
[2.071s] INFO:colcon.colcon_core.plugin_system:Skipping extension 'colcon_notification.desktop_notification.notify_send': Could not find 'notify-send'
[2.071s] INFO:colcon.colcon_core.plugin_system:Skipping extension 'colcon_notification.desktop_notification.terminal_notifier': Not used on non-Darwin systems
[2.071s] INFO:colcon.colcon_core.plugin_system:Skipping extension 'colcon_notification.desktop_notification.win32': Not used on non-Windows systems
[2.072s] INFO:colcon.colcon_notification.desktop_notification:Sending desktop notification using 'notify2'
[2.072s] DEBUG:colcon.colcon_notification.desktop_notification.notify2:Failed to initialize notify2: org.freedesktop.DBus.Error.FileNotFound: Failed to connect to socket /run/user/1000/bus: No such file or directory
[2.072s] DEBUG:colcon.colcon_core.event_reactor:joined thread
[2.074s] INFO:colcon.colcon_core.shell:Creating prefix script '/home/nekr/ros2_ws/src/experimental_robot_pack/install/local_setup.ps1'
[2.076s] INFO:colcon.colcon_core.shell:Creating prefix util module '/home/nekr/ros2_ws/src/experimental_robot_pack/install/_local_setup_util_ps1.py'
[2.078s] INFO:colcon.colcon_core.shell:Creating prefix chain script '/home/nekr/ros2_ws/src/experimental_robot_pack/install/setup.ps1'
[2.082s] INFO:colcon.colcon_core.shell:Creating prefix script '/home/nekr/ros2_ws/src/experimental_robot_pack/install/local_setup.sh'
[2.083s] INFO:colcon.colcon_core.shell:Creating prefix util module '/home/nekr/ros2_ws/src/experimental_robot_pack/install/_local_setup_util_sh.py'
[2.083s] INFO:colcon.colcon_core.shell:Creating prefix chain script '/home/nekr/ros2_ws/src/experimental_robot_pack/install/setup.sh'
[2.085s] INFO:colcon.colcon_core.shell:Creating prefix script '/home/nekr/ros2_ws/src/experimental_robot_pack/install/local_setup.bash'
[2.086s] INFO:colcon.colcon_core.shell:Creating prefix chain script '/home/nekr/ros2_ws/src/experimental_robot_pack/install/setup.bash'
[2.088s] INFO:colcon.colcon_core.shell:Creating prefix script '/home/nekr/ros2_ws/src/experimental_robot_pack/install/local_setup.zsh'
[2.089s] INFO:colcon.colcon_core.shell:Creating prefix chain script '/home/nekr/ros2_ws/src/experimental_robot_pack/install/setup.zsh'
