[0.589s] Invoking command in '/home/nekr/ros2_ws/src/experimental_robot_pack': PYTHONPATH=/home/nekr/ros2_ws/src/experimental_robot_pack/build/experimental_robot_pack/prefix_override:/home/nekr/ros2_ws/src/experimental_robot_pack/install/experimental_robot_pack/lib/python3.10/site-packages:${PYTHONPATH} /usr/bin/python3 setup.py egg_info --egg-base build/experimental_robot_pack build --build-base /home/nekr/ros2_ws/src/experimental_robot_pack/build/experimental_robot_pack/build install --record /home/nekr/ros2_ws/src/experimental_robot_pack/build/experimental_robot_pack/install.log --single-version-externally-managed
[0.770s] running egg_info
[0.770s] writing build/experimental_robot_pack/experimental_robot_pack.egg-info/PKG-INFO
[0.770s] writing dependency_links to build/experimental_robot_pack/experimental_robot_pack.egg-info/dependency_links.txt
[0.771s] writing entry points to build/experimental_robot_pack/experimental_robot_pack.egg-info/entry_points.txt
[0.771s] writing requirements to build/experimental_robot_pack/experimental_robot_pack.egg-info/requires.txt
[0.771s] writing top-level names to build/experimental_robot_pack/experimental_robot_pack.egg-info/top_level.txt
[0.772s] reading manifest file 'build/experimental_robot_pack/experimental_robot_pack.egg-info/SOURCES.txt'
[0.773s] writing manifest file 'build/experimental_robot_pack/experimental_robot_pack.egg-info/SOURCES.txt'
[0.773s] running build
[0.773s] running build_py
[0.774s] copying experimental_robot_pack/my_robot_move.py -> /home/nekr/ros2_ws/src/experimental_robot_pack/build/experimental_robot_pack/build/lib/experimental_robot_pack
[0.774s] running install
[0.774s] /usr/lib/python3/dist-packages/setuptools/command/install.py:34: SetuptoolsDeprecationWarning: setup.py install is deprecated. Use build and pip and other standards-based tools.
[0.774s]   warnings.warn(
[0.774s] running install_lib
[0.775s] copying /home/nekr/ros2_ws/src/experimental_robot_pack/build/experimental_robot_pack/build/lib/experimental_robot_pack/my_robot_move.py -> /home/nekr/ros2_ws/src/experimental_robot_pack/install/experimental_robot_pack/lib/python3.10/site-packages/experimental_robot_pack
[0.775s] byte-compiling /home/nekr/ros2_ws/src/experimental_robot_pack/install/experimental_robot_pack/lib/python3.10/site-packages/experimental_robot_pack/my_robot_move.py to my_robot_move.cpython-310.pyc
[0.777s] running install_data
[0.777s] running install_egg_info
[0.778s] removing '/home/nekr/ros2_ws/src/experimental_robot_pack/install/experimental_robot_pack/lib/python3.10/site-packages/experimental_robot_pack-0.0.0-py3.10.egg-info' (and everything under it)
[0.779s] Copying build/experimental_robot_pack/experimental_robot_pack.egg-info to /home/nekr/ros2_ws/src/experimental_robot_pack/install/experimental_robot_pack/lib/python3.10/site-packages/experimental_robot_pack-0.0.0-py3.10.egg-info
[0.779s] running install_scripts
[0.796s] Installing move script to /home/nekr/ros2_ws/src/experimental_robot_pack/install/experimental_robot_pack/lib/experimental_robot_pack
[0.797s] writing list of installed files to '/home/nekr/ros2_ws/src/experimental_robot_pack/build/experimental_robot_pack/install.log'
[0.816s] Invoked command in '/home/nekr/ros2_ws/src/experimental_robot_pack' returned '0': PYTHONPATH=/home/nekr/ros2_ws/src/experimental_robot_pack/build/experimental_robot_pack/prefix_override:/home/nekr/ros2_ws/src/experimental_robot_pack/install/experimental_robot_pack/lib/python3.10/site-packages:${PYTHONPATH} /usr/bin/python3 setup.py egg_info --egg-base build/experimental_robot_pack build --build-base /home/nekr/ros2_ws/src/experimental_robot_pack/build/experimental_robot_pack/build install --record /home/nekr/ros2_ws/src/experimental_robot_pack/build/experimental_robot_pack/install.log --single-version-externally-managed
