running egg_info
creating build/experimental_robot_pack/experimental_robot_pack.egg-info
writing build/experimental_robot_pack/experimental_robot_pack.egg-info/PKG-INFO
writing dependency_links to build/experimental_robot_pack/experimental_robot_pack.egg-info/dependency_links.txt
writing entry points to build/experimental_robot_pack/experimental_robot_pack.egg-info/entry_points.txt
writing requirements to build/experimental_robot_pack/experimental_robot_pack.egg-info/requires.txt
writing top-level names to build/experimental_robot_pack/experimental_robot_pack.egg-info/top_level.txt
writing manifest file 'build/experimental_robot_pack/experimental_robot_pack.egg-info/SOURCES.txt'
reading manifest file 'build/experimental_robot_pack/experimental_robot_pack.egg-info/SOURCES.txt'
writing manifest file 'build/experimental_robot_pack/experimental_robot_pack.egg-info/SOURCES.txt'
running build
running build_py
creating /home/nekr/ros2_ws/src/experimental_robot_pack/build/experimental_robot_pack/build
creating /home/nekr/ros2_ws/src/experimental_robot_pack/build/experimental_robot_pack/build/lib
creating /home/nekr/ros2_ws/src/experimental_robot_pack/build/experimental_robot_pack/build/lib/experimental_robot_pack
copying experimental_robot_pack/my_robot_move.py -> /home/nekr/ros2_ws/src/experimental_robot_pack/build/experimental_robot_pack/build/lib/experimental_robot_pack
copying experimental_robot_pack/__init__.py -> /home/nekr/ros2_ws/src/experimental_robot_pack/build/experimental_robot_pack/build/lib/experimental_robot_pack
running install
/usr/lib/python3/dist-packages/setuptools/command/install.py:34: SetuptoolsDeprecationWarning: setup.py install is deprecated. Use build and pip and other standards-based tools.
  warnings.warn(
running install_lib
creating /home/nekr/ros2_ws/src/experimental_robot_pack/install/experimental_robot_pack/lib/python3.10/site-packages/experimental_robot_pack
copying /home/nekr/ros2_ws/src/experimental_robot_pack/build/experimental_robot_pack/build/lib/experimental_robot_pack/my_robot_move.py -> /home/nekr/ros2_ws/src/experimental_robot_pack/install/experimental_robot_pack/lib/python3.10/site-packages/experimental_robot_pack
copying /home/nekr/ros2_ws/src/experimental_robot_pack/build/experimental_robot_pack/build/lib/experimental_robot_pack/__init__.py -> /home/nekr/ros2_ws/src/experimental_robot_pack/install/experimental_robot_pack/lib/python3.10/site-packages/experimental_robot_pack
byte-compiling /home/nekr/ros2_ws/src/experimental_robot_pack/install/experimental_robot_pack/lib/python3.10/site-packages/experimental_robot_pack/my_robot_move.py to my_robot_move.cpython-310.pyc
byte-compiling /home/nekr/ros2_ws/src/experimental_robot_pack/install/experimental_robot_pack/lib/python3.10/site-packages/experimental_robot_pack/__init__.py to __init__.cpython-310.pyc
running install_data
creating /home/nekr/ros2_ws/src/experimental_robot_pack/install/experimental_robot_pack/share/ament_index
creating /home/nekr/ros2_ws/src/experimental_robot_pack/install/experimental_robot_pack/share/ament_index/resource_index
creating /home/nekr/ros2_ws/src/experimental_robot_pack/install/experimental_robot_pack/share/ament_index/resource_index/packages
copying resource/experimental_robot_pack -> /home/nekr/ros2_ws/src/experimental_robot_pack/install/experimental_robot_pack/share/ament_index/resource_index/packages
copying package.xml -> /home/nekr/ros2_ws/src/experimental_robot_pack/install/experimental_robot_pack/share/experimental_robot_pack
running install_egg_info
Copying build/experimental_robot_pack/experimental_robot_pack.egg-info to /home/nekr/ros2_ws/src/experimental_robot_pack/install/experimental_robot_pack/lib/python3.10/site-packages/experimental_robot_pack-0.0.0-py3.10.egg-info
running install_scripts
writing list of installed files to '/home/nekr/ros2_ws/src/experimental_robot_pack/build/experimental_robot_pack/install.log'
